========================================================================
tamiOjok 프로젝트 - 진행 이력 (hist.log)
마지막 갱신: 2026-07-23 (frontend 기능 확장 커밋 시점)
========================================================================

[완료된 작업]

- 프론트엔드 기능 확장 (장바구니/체크아웃/주문/리뷰/문의/쿠폰/마이페이지)
  - api/: cart, orders, payments, deliveries, reviews, inquiries, coupons, users
  - pages/: CartPage, CheckoutPage, OrderListPage, OrderDetailPage,
    ReviewFormPage, MyReviewsPage, InquiryListPage/CreatePage/DetailPage,
    CouponListPage, MyCouponsPage, AdditionalInfoPage(NEED_INFO), MyPage
  - App.tsx에 전체 라우팅 연결, ProtectedRoute로 로그인 필요 페이지 보호
  ※ 여전히 이 머신에 Node.js 없어 npm install / 빌드 / 런타임 검증 못함
    → 다른(사용자) PC에서 반드시 npm install && npm run dev로 확인 필요

- 백엔드 도메인 9종 구현 및 main 병합 완료
  user, product, order, payment, delivery (세션 이전 완료)
  inquiry   (PR #6)
  review    (PR #7)
  cart      (PR #8)
  order-from-cart 연동 (PR #9)
  coupon + 주문 할인 연동 (PR #10)
- 문서/DB 작업 (PR #11)
  README.md, docs/USER_MANUAL.md, db/schema.sql, db/seed.sql
- quest.log 작성: "바이브 코딩 졸업" 로드맵 7단계 정리
- 백엔드 CORS 설정 추가 (SecurityConfig, application.properties)
  → 프론트엔드(localhost:5173)에서 API 호출 가능하도록 설정
  ※ 아직 별도 커밋/PR 미진행 (main 미반영 상태)
- 프론트엔드 스캐폴딩 생성 (frontend/, React + TypeScript + Vite)
  - api/ (axios client, 401 자동 refresh, auth/products API, 타입 정의)
  - context/AuthContext.tsx (로그인 상태 전역 관리)
  - components/ (Header, ProtectedRoute)
  - pages/ (LoginPage, SignupPage, ProductListPage, ProductDetailPage)
  - 로그인/회원가입/상품목록/상품상세 화면만 구현 (학습용 최소 범위)
  ※ 이 머신에 Node.js가 없어 npm install / 실행 검증은 못함 → 사용자 PC에서 확인 필요
  ※ 아직 커밋 안 됨

[진행 중 / 다음에 할 일]

1. frontend 전체 변경사항(스캐폴딩 + 기능 확장) + CORS 백엔드 변경사항 커밋 완료
   → PR 생성 & 사용자가 직접 리뷰 후 머지 필요
   (※ 자동 머지 워크플로를 계속 쓸지, 이제부터 직접 리뷰할지 사용자 결정 필요 - quest.log 2번 항목)
2. 로컬(다른 PC)에서 Node.js 설치 후 frontend `npm install` → `npm run dev` 실행 확인
   → 화면 동작 검증 (특히 새로 추가된 장바구니/체크아웃/주문/리뷰/문의/쿠폰 플로우)
3. quest.log의 "바이브 코딩 졸업 로드맵" 순서대로 진행
   - 코드 직접 읽고 이해하기
   - 자동 머지 워크플로 중단 여부 결정
   - 테스트 코드 작성 (재고/쿠폰/결제 로직부터)
   - 동시성 제어(재고 락), DB 마이그레이션 도구(Flyway/Liquibase), 실제 PG 연동
   - CI/CD, Docker, 로깅/모니터링
   - 보안 점검 (/security-review)

========================================================================
