========================================================================
tamiOjok 프로젝트 - Quest Log
========================================================================

[2026-07-23] 바이브 코딩 졸업 로드맵
------------------------------------------------------------------------
배경:
  지금까지 user/product/order/payment/delivery/inquiry/review/cart/coupon
  9개 도메인이 AI 주도로 설계-구현-커밋-PR-자동머지까지 전부 자동화된
  파이프라인으로 완성됨 (project_tamiojok_pr_workflow 참고).
  프로젝트 소유자가 "더 이상 바이브 코딩으로 마무리하고 싶지 않다"고
  선언하고, 직접 프로젝트를 이해/소유하는 방향으로 전환하기로 함.

TODO (우선순위 순):

1. [ ] 코드 직접 읽고 이해하기
       - git log 따라가며 도메인별 설계 이유를 스스로 설명할 수 있을 때까지 리딩
       - 이해 안 되는 부분은 AI에게 "왜 이렇게 짰는지" 질문하며 학습

2. [ ] 자동 머지 워크플로 중단
       - 지금까지: PR 생성 → 확인 없이 즉시 자동 머지
       - 앞으로: PR 생성 → 본인이 diff 직접 리뷰 → 수동 머지
       - (project_tamiojok_pr_workflow 메모리 수정 필요)

3. [ ] 테스트 코드 작성 (가장 시급 - 현재 사실상 0%)
       - src/test 에 컨텍스트 로딩 테스트 1개뿐, 비즈니스 로직 테스트 없음
       - 우선순위: 재고 예약/차감, 쿠폰 할인 계산, 결제 금액 위변조 검증
         등 돈과 직결되는 로직부터

4. [ ] PRD에 명시됐지만 미구현인 부분 채우기
       - [x] 동시성 제어: 2026-07-24 확인 결과 이미 구현되어 있었음.
         ProductStockRepository.findByProductIdForUpdate()가
         @Lock(PESSIMISTIC_WRITE)로 재고 행에 SELECT FOR UPDATE를 걸어
         reserve/release/confirmDeduction/restore를 직렬화함
         (Products/Stock 도메인 최초 구현 커밋 beb29ad부터 존재).
         이 항목의 "없음" 기록은 오기였음.
       - [x] DB 마이그레이션 도구: 2026-07-24 Flyway 도입 완료.
         src/main/resources/db/migration/V1__init_schema.sql,
         ddl-auto=validate로 전환. (커밋은 아직 안 함, hist.log 참고)
       - [ ] 실제 PG 연동: 현재 MockPgClient만 존재
         → Toss/PortOne 등 실 PG SDK 연동 필요 (실 계정/API 키 필요해서
         보류 중 — 어느 PG 쓸지 먼저 정해야 함)

5. [ ] 인프라/운영 요소 추가
       - CI/CD 파이프라인 (GitHub Actions로 PR마다 테스트 자동 실행)
       - Dockerfile / docker-compose (DB 포함 로컬 실행 표준화)
       - 로깅/모니터링 체계 (현재 콘솔 로그뿐)

6. [ ] 보안 점검
       - JWT_SECRET, OAuth 클라이언트 시크릿 등 기본값 노출 상태로 운영 금지
       - /security-review 스킬로 점검 필요

7. [ ] 협업 방식 재정의
       - "기능 구현해줘" 방식 → "이렇게 설계하려는데 검토해줘",
         "이 코드 버그 있는지 리뷰해줘" 방식으로 전환
       - AI가 주도하는 게 아니라 본인이 주도하고 AI가 보조하는 형태로

------------------------------------------------------------------------

[2026-07-23] 프론트엔드 착수
------------------------------------------------------------------------
목표: React(또는 Vue.js) 학습을 겸해 이 프로젝트의 웹 화면을 직접 그려봄.
액션: 프론트엔드 프로젝트 스캐폴딩 + 개발 환경 설정 진행.
(진행 내역은 아래에 계속 추가)

========================================================================
